TN:
SF:src/server.ts
FN:32,(anonymous_8)
FN:33,(anonymous_9)
FN:34,(anonymous_10)
FN:45,(anonymous_11)
FN:45,(anonymous_12)
FN:46,(anonymous_13)
FN:47,(anonymous_14)
FN:48,(anonymous_15)
FNF:8
FNH:8
FNDA:2,(anonymous_8)
FNDA:2,(anonymous_9)
FNDA:2,(anonymous_10)
FNDA:2,(anonymous_11)
FNDA:2,(anonymous_12)
FNDA:2,(anonymous_13)
FNDA:2,(anonymous_14)
FNDA:2,(anonymous_15)
DA:1,2
DA:2,2
DA:3,2
DA:4,2
DA:5,2
DA:6,2
DA:7,2
DA:8,2
DA:10,2
DA:12,2
DA:17,2
DA:18,2
DA:21,2
DA:26,2
DA:27,2
DA:32,2
DA:33,2
DA:34,2
DA:35,2
DA:36,2
DA:37,2
DA:39,2
DA:40,2
DA:45,2
DA:46,2
DA:47,2
DA:48,2
DA:49,2
DA:58,2
DA:59,0
LF:30
LH:29
BRDA:36,0,0,2
BRDA:36,0,1,0
BRDA:47,1,0,0
BRDA:47,1,1,2
BRDA:47,2,0,2
BRDA:47,2,1,2
BRDA:48,3,0,0
BRDA:48,3,1,2
BRDA:48,4,0,2
BRDA:48,4,1,2
BRDA:58,5,0,0
BRF:11
BRH:7
end_of_record
TN:
SF:src/config/env.ts
FN:38,(anonymous_1)
FNF:1
FNH:1
FNDA:4,(anonymous_1)
DA:1,2
DA:2,2
DA:5,2
DA:7,2
DA:37,2
DA:38,4
DA:40,2
DA:41,0
LF:8
LH:7
BRDA:9,0,0,2
BRDA:9,0,1,0
BRDA:11,1,0,0
BRDA:11,1,1,0
BRDA:12,2,0,2
BRDA:12,2,1,0
BRDA:15,3,0,2
BRDA:15,3,1,0
BRDA:18,4,0,2
BRDA:18,4,1,0
BRDA:19,5,0,2
BRDA:19,5,1,2
BRDA:23,6,0,2
BRDA:23,6,1,2
BRDA:24,7,0,2
BRDA:24,7,1,2
BRDA:28,8,0,2
BRDA:28,8,1,2
BRDA:28,9,0,2
BRDA:28,9,1,0
BRDA:28,10,0,2
BRDA:28,10,1,2
BRDA:31,11,0,2
BRDA:31,11,1,0
BRDA:33,12,0,0
BRDA:33,12,1,0
BRDA:40,13,0,0
BRF:27
BRH:16
end_of_record
TN:
SF:src/lib/prisma.ts
FNF:0
FNH:0
DA:1,2
DA:3,2
DA:5,2
LF:3
LH:3
BRF:0
BRH:0
end_of_record
TN:
SF:src/middleware/authMiddleware.ts
FN:14,(anonymous_0)
FNF:1
FNH:1
FNDA:27,(anonymous_0)
DA:2,2
DA:14,2
DA:19,27
DA:20,27
DA:21,27
DA:22,2
DA:23,2
DA:26,25
DA:27,25
DA:28,1
DA:29,1
DA:32,24
DA:33,21
DA:34,1
DA:35,1
DA:38,20
DA:39,20
DA:41,3
DA:42,3
DA:43,2
DA:44,2
DA:46,1
DA:47,1
DA:48,1
DA:51,0
LF:25
LH:24
BRDA:21,0,0,2
BRDA:27,1,0,1
BRDA:27,2,0,25
BRDA:27,2,1,24
BRDA:33,3,0,1
BRDA:33,4,0,21
BRDA:33,4,1,21
BRDA:33,4,2,21
BRDA:41,5,0,3
BRDA:42,6,0,2
BRDA:46,7,0,1
BRF:11
BRH:11
end_of_record
TN:
SF:src/middleware/rateLimiter.ts
FNF:0
FNH:0
DA:1,2
DA:3,2
LF:2
LH:2
BRF:0
BRH:0
end_of_record
TN:
SF:src/routes/auth.ts
FN:18,(anonymous_8)
FN:27,(anonymous_9)
FN:31,(anonymous_10)
FN:67,(anonymous_11)
FN:67,(anonymous_12)
FNF:5
FNH:5
FNDA:5,(anonymous_8)
FNDA:3,(anonymous_9)
FNDA:3,(anonymous_10)
FNDA:3,(anonymous_11)
FNDA:3,(anonymous_12)
DA:1,2
DA:2,2
DA:3,2
DA:4,2
DA:5,2
DA:7,2
DA:9,2
DA:12,2
DA:18,2
DA:19,5
DA:20,5
DA:21,2
DA:22,2
DA:24,3
DA:27,2
DA:31,3
DA:32,3
DA:33,3
DA:34,3
DA:38,3
DA:39,0
DA:40,0
DA:43,3
DA:44,3
DA:52,3
DA:53,3
DA:62,0
DA:63,0
DA:67,3
DA:68,3
DA:69,3
DA:70,3
DA:74,3
DA:75,1
DA:76,1
DA:79,2
DA:80,2
DA:81,1
DA:82,1
DA:85,1
DA:86,1
DA:95,0
DA:96,0
DA:100,2
DA:101,2
DA:103,2
LF:46
LH:40
BRDA:20,0,0,2
BRDA:38,1,0,0
BRDA:74,2,0,1
BRDA:80,3,0,1
BRF:4
BRH:3
end_of_record
TN:
SF:src/routes/logs.ts
FN:42,(anonymous_8)
FN:52,(anonymous_9)
FN:72,isISO8601Date
FN:78,(anonymous_11)
FN:87,(anonymous_12)
FN:96,(anonymous_13)
FN:96,(anonymous_14)
FN:117,(anonymous_15)
FN:132,(anonymous_16)
FN:132,(anonymous_17)
FN:148,(anonymous_18)
FN:148,(anonymous_19)
FN:240,(anonymous_20)
FN:240,(anonymous_21)
FN:274,(anonymous_22)
FN:290,(anonymous_23)
FN:290,(anonymous_24)
FN:313,(anonymous_25)
FNF:18
FNH:13
FNDA:9,(anonymous_8)
FNDA:9,(anonymous_9)
FNDA:9,isISO8601Date
FNDA:10,(anonymous_11)
FNDA:9,(anonymous_12)
FNDA:6,(anonymous_13)
FNDA:6,(anonymous_14)
FNDA:0,(anonymous_15)
FNDA:0,(anonymous_16)
FNDA:0,(anonymous_17)
FNDA:4,(anonymous_18)
FNDA:4,(anonymous_19)
FNDA:2,(anonymous_20)
FNDA:2,(anonymous_21)
FNDA:0,(anonymous_22)
FNDA:1,(anonymous_23)
FNDA:1,(anonymous_24)
FNDA:0,(anonymous_25)
DA:1,2
DA:2,2
DA:3,2
DA:5,2
DA:6,2
DA:7,2
DA:9,2
DA:23,2
DA:34,2
DA:43,9
DA:44,9
DA:45,1
DA:47,8
DA:48,2
DA:50,6
DA:53,9
DA:58,9
DA:59,2
DA:61,7
DA:62,0
DA:64,7
DA:65,1
DA:67,6
DA:73,9
DA:74,9
DA:78,2
DA:79,10
DA:80,10
DA:81,2
DA:82,2
DA:84,8
DA:87,2
DA:88,9
DA:89,9
DA:90,5
DA:91,5
DA:93,4
DA:96,6
DA:97,6
DA:98,6
DA:99,6
DA:101,6
DA:117,6
DA:118,0
DA:119,0
DA:126,6
DA:128,0
DA:132,2
DA:133,0
DA:134,0
DA:136,0
DA:141,0
DA:143,0
DA:148,4
DA:149,4
DA:150,4
DA:151,4
DA:153,4
DA:154,4
DA:156,4
DA:159,1
DA:160,1
DA:161,1
DA:164,1
DA:165,1
DA:166,1
DA:168,1
DA:169,1
DA:173,1
DA:174,1
DA:175,1
DA:178,1
DA:179,1
DA:180,1
DA:182,1
DA:183,1
DA:187,0
DA:188,0
DA:191,0
DA:192,0
DA:194,0
DA:195,0
DA:199,0
DA:200,0
DA:203,0
DA:204,0
DA:206,0
DA:207,0
DA:210,2
DA:211,2
DA:212,2
DA:213,2
DA:214,2
DA:216,2
DA:221,2
DA:225,4
DA:233,4
DA:235,0
DA:240,2
DA:241,2
DA:242,2
DA:243,2
DA:244,2
DA:247,2
DA:254,2
DA:255,1
DA:256,1
DA:259,1
DA:274,1
DA:275,0
DA:276,0
DA:283,1
DA:285,0
DA:290,2
DA:291,1
DA:292,1
DA:293,1
DA:296,1
DA:303,1
DA:304,0
DA:305,0
DA:308,1
DA:313,1
DA:314,0
DA:315,0
DA:322,1
DA:324,0
DA:329,2
DA:331,2
DA:332,2
DA:333,2
DA:334,2
DA:335,2
DA:337,2
LF:134
LH:104
BRDA:44,0,0,1
BRDA:44,1,0,9
BRDA:44,1,1,6
BRDA:47,2,0,2
BRDA:47,3,0,8
BRDA:47,3,1,5
BRDA:58,4,0,2
BRDA:58,5,0,9
BRDA:58,5,1,6
BRDA:61,6,0,0
BRDA:61,7,0,7
BRDA:61,7,1,4
BRDA:64,8,0,1
BRDA:64,9,0,7
BRDA:64,9,1,4
BRDA:64,9,2,4
BRDA:74,10,0,9
BRDA:74,10,1,9
BRDA:80,11,0,2
BRDA:89,12,0,5
BRDA:112,13,0,5
BRDA:112,13,1,1
BRDA:118,14,0,0
BRDA:156,15,0,1
BRDA:156,15,1,1
BRDA:156,15,2,0
BRDA:156,15,3,0
BRDA:156,15,4,2
BRDA:210,16,0,2
BRDA:210,17,0,2
BRDA:210,17,1,2
BRDA:254,18,0,1
BRDA:275,19,0,0
BRDA:303,20,0,0
BRDA:314,21,0,0
BRF:35
BRH:28
end_of_record
TN:
SF:src/utils/auth.ts
FN:6,(anonymous_1)
FN:12,(anonymous_2)
FNF:2
FNH:2
FNDA:4,(anonymous_1)
FNDA:24,(anonymous_2)
DA:1,2
DA:2,2
DA:4,2
DA:6,2
DA:7,4
DA:12,2
DA:13,24
LF:7
LH:7
BRF:0
BRH:0
end_of_record
